[debug] [2022-11-13T08:36:58.950Z] ----------------------------------------------------------------------
[debug] [2022-11-13T08:36:58.957Z] Command:       /usr/local/bin/node /usr/local/bin/firebase init
[debug] [2022-11-13T08:36:58.960Z] CLI Version:   11.16.0
[debug] [2022-11-13T08:36:58.960Z] Platform:      linux
[debug] [2022-11-13T08:36:58.961Z] Node Version:  v18.12.1
[debug] [2022-11-13T08:36:58.962Z] Time:          Sun Nov 13 2022 10:36:58 GMT+0200 (Eastern European Standard Time)
[debug] [2022-11-13T08:36:58.963Z] ----------------------------------------------------------------------
[debug] 
[debug] [2022-11-13T08:36:58.988Z] > command requires scopes: ["email","openid","https://www.googleapis.com/auth/cloudplatformprojects.readonly","https://www.googleapis.com/auth/firebase","https://www.googleapis.com/auth/cloud-platform"]
[debug] [2022-11-13T08:36:58.990Z] > authorizing via signed-in user (ahmedsaadawy624@gmail.com)
[info] 
     ######## #### ########  ######## ########     ###     ######  ########
     ##        ##  ##     ## ##       ##     ##  ##   ##  ##       ##
     ######    ##  ########  ######   ########  #########  ######  ######
     ##        ##  ##    ##  ##       ##     ## ##     ##       ## ##
     ##       #### ##     ## ######## ########  ##     ##  ######  ########

You're about to initialize a Firebase project in this directory:

  /home/hamada/Documents/Photographic

[info] 
=== Project Setup
[info] 
[info] First, let's associate this project directory with a Firebase project.
[info] You can create multiple project aliases by running firebase use --add, 
[info] but for now we'll just set up a default project.
[info] 
[debug] [2022-11-13T08:37:09.054Z] >>> [apiv2][query] GET https://firebase.googleapis.com/v1beta1/projects pageSize=100
[debug] [2022-11-13T08:37:09.978Z] <<< [apiv2][status] GET https://firebase.googleapis.com/v1beta1/projects 200
[debug] [2022-11-13T08:37:09.979Z] <<< [apiv2][body] GET https://firebase.googleapis.com/v1beta1/projects [omitted]
[info] i  Using project first-project-8acdb (first-project) 
[info] 
=== Hosting Setup
[info] 
[info] Your public directory is the folder (relative to your project directory) that
[info] will contain Hosting assets to be uploaded with firebase deploy. If you
[info] have a build process for your assets, use your build's output directory.
[info] 
[debug] [2022-11-13T08:38:16.522Z] >>> [apiv2][query] GET https://www.gstatic.com/firebasejs/releases.json [none]
[debug] [2022-11-13T08:38:16.772Z] <<< [apiv2][status] GET https://www.gstatic.com/firebasejs/releases.json 200
[debug] [2022-11-13T08:38:16.773Z] <<< [apiv2][body] GET https://www.gstatic.com/firebasejs/releases.json {"current":{"version":"9.14.0","browserURL":"https://www.gstatic.com/firebasejs/9.14.0/firebase.js","packageURL":"https://www.gstatic.com/firebasejs/9.14.0/firebase.tgz"},"live":{"version":"9.14","browserURL":"https://www.gstatic.com/firebasejs/live/9.14/firebase.js","packageURL":"https://www.gstatic.com/firebasejs/live/9.14/firebase.tgz"},"components":{"analytics":"https://www.gstatic.com/firebasejs/9.14.0/firebase-analytics.js","app":"https://www.gstatic.com/firebasejs/9.14.0/firebase-app.js","app-check":"https://www.gstatic.com/firebasejs/9.14.0/firebase-app-check.js","auth":"https://www.gstatic.com/firebasejs/9.14.0/firebase-auth.js","auth/cordova":"https://www.gstatic.com/firebasejs/9.14.0/firebase-auth/cordova.js","auth/react-native":"https://www.gstatic.com/firebasejs/9.14.0/firebase-auth/react-native.js","functions":"https://www.gstatic.com/firebasejs/9.14.0/firebase-functions.js","firestore":"https://www.gstatic.com/firebasejs/9.14.0/firebase-firestore.js","firestore/lite":"https://www.gstatic.com/firebasejs/9.14.0/firebase-firestore/lite.js","installations":"https://www.gstatic.com/firebasejs/9.14.0/firebase-installations.js","storage":"https://www.gstatic.com/firebasejs/9.14.0/firebase-storage.js","performance":"https://www.gstatic.com/firebasejs/9.14.0/firebase-performance.js","remote-config":"https://www.gstatic.com/firebasejs/9.14.0/firebase-remote-config.js","messaging":"https://www.gstatic.com/firebasejs/9.14.0/firebase-messaging.js","messaging/sw":"https://www.gstatic.com/firebasejs/9.14.0/firebase-messaging/sw.js","database":"https://www.gstatic.com/firebasejs/9.14.0/firebase-database.js","firestore.memory":"https://www.gstatic.com/firebasejs/9.14.0/firebase-firestore.memory.js"}}
[info] ✔  Wrote public/index.html 
[info] 
[info] i  Didn't detect a .git folder. Assuming /home/hamada/Documents/Photographic is the project root. 
[info] i  Authorizing with GitHub to upload your service account to a GitHub repository's secrets store. 
[info] 
[info] Visit this URL on this device to log in:
[info] https://github.com/login/oauth/authorize?client_id=89cf50f02ac6aaed3484&state=1030753559&redirect_uri=http%3A%2F%2Flocalhost%3A9005&scope=read%3Auser%20repo%20public_repo
[info] 
[info] Waiting for authentication...
[debug] [2022-11-13T08:38:43.310Z] >>> [apiv2][query] POST https://github.com/login/oauth/access_token [none]
[debug] [2022-11-13T08:38:43.312Z] >>> [apiv2][body] POST https://github.com/login/oauth/access_token [stream]
[debug] [2022-11-13T08:38:43.753Z] <<< [apiv2][status] POST https://github.com/login/oauth/access_token 200
[debug] [2022-11-13T08:38:43.755Z] <<< [apiv2][body] POST https://github.com/login/oauth/access_token {"access_token":"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","token_type":"bearer","scope":"read:user,repo"}
[debug] [2022-11-13T08:38:43.821Z] >>> [apiv2][query] GET https://api.github.com/user [none]
[debug] [2022-11-13T08:38:44.271Z] <<< [apiv2][status] GET https://api.github.com/user 200
[debug] [2022-11-13T08:38:44.272Z] <<< [apiv2][body] GET https://api.github.com/user {"login":"AhmedS624","id":65125775,"node_id":"MDQ6VXNlcjY1MTI1Nzc1","avatar_url":"https://avatars.githubusercontent.com/u/65125775?v=4","gravatar_id":"","url":"https://api.github.com/users/AhmedS624","html_url":"https://github.com/AhmedS624","followers_url":"https://api.github.com/users/AhmedS624/followers","following_url":"https://api.github.com/users/AhmedS624/following{/other_user}","gists_url":"https://api.github.com/users/AhmedS624/gists{/gist_id}","starred_url":"https://api.github.com/users/AhmedS624/starred{/owner}{/repo}","subscriptions_url":"https://api.github.com/users/AhmedS624/subscriptions","organizations_url":"https://api.github.com/users/AhmedS624/orgs","repos_url":"https://api.github.com/users/AhmedS624/repos","events_url":"https://api.github.com/users/AhmedS624/events{/privacy}","received_events_url":"https://api.github.com/users/AhmedS624/received_events","type":"User","site_admin":false,"name":null,"company":null,"blog":"","location":null,"email":null,"hireable":null,"bio":null,"twitter_username":null,"public_repos":10,"public_gists":0,"followers":0,"following":0,"created_at":"2020-05-10T16:05:41Z","updated_at":"2022-09-30T17:42:14Z","private_gists":0,"total_private_repos":0,"owned_private_repos":0,"disk_usage":29032,"collaborators":0,"two_factor_authentication":false,"plan":{"name":"free","space":976562499,"collaborators":0,"private_repos":10000}}
[info] 
[info] ✔  Success! Logged into GitHub as AhmedS624 
[info] 
